2025-03-25T14:17:48.381+03:00  INFO 32436 --- [main] com.tms.Main                             : Starting Main using Java 21.0.5 with PID 32436 (/Users/katusarublevsk/Desktop/JAVA/market-c32_REST/target/classes started by katusarublevsk in /Users/katusarublevsk/Desktop/JAVA/market-c32_REST)
2025-03-25T14:17:48.382+03:00  INFO 32436 --- [main] com.tms.Main                             : No active profile set, falling back to 1 default profile: "default"
2025-03-25T14:17:49.410+03:00  INFO 32436 --- [main] o.s.b.w.embedded.tomcat.TomcatWebServer  : Tomcat initialized with port(s): 8080 (http)
2025-03-25T14:17:49.413+03:00  INFO 32436 --- [main] o.apache.catalina.core.StandardService   : Starting service [Tomcat]
2025-03-25T14:17:49.413+03:00  INFO 32436 --- [main] o.apache.catalina.core.StandardEngine    : Starting Servlet engine: [Apache Tomcat/10.1.12]
2025-03-25T14:17:49.448+03:00  INFO 32436 --- [main] o.a.c.c.C.[Tomcat].[localhost].[/]       : Initializing Spring embedded WebApplicationContext
2025-03-25T14:17:49.448+03:00  INFO 32436 --- [main] w.s.c.ServletWebServerApplicationContext : Root WebApplicationContext: initialization completed in 1043 ms
2025-03-25T14:17:53.205+03:00  INFO 32436 --- [main] o.s.b.a.e.web.EndpointLinksResolver      : Exposing 6 endpoint(s) beneath base path '/actuator'
2025-03-25T14:17:53.249+03:00  INFO 32436 --- [main] o.s.b.w.embedded.tomcat.TomcatWebServer  : Tomcat started on port(s): 8080 (http) with context path ''
2025-03-25T14:17:53.257+03:00  INFO 32436 --- [main] com.tms.Main                             : Started Main in 5.007 seconds (process running for 10.283)
2025-03-25T14:17:53.368+03:00  INFO 32436 --- [RMI TCP Connection(1)-172.20.10.13] o.a.c.c.C.[Tomcat].[localhost].[/]       : Initializing Spring DispatcherServlet 'dispatcherServlet'
2025-03-25T14:17:53.368+03:00  INFO 32436 --- [RMI TCP Connection(1)-172.20.10.13] o.s.web.servlet.DispatcherServlet        : Initializing Servlet 'dispatcherServlet'
2025-03-25T14:17:53.368+03:00  INFO 32436 --- [RMI TCP Connection(1)-172.20.10.13] o.s.web.servlet.DispatcherServlet        : Completed initialization in 0 ms
2025-03-25T14:18:25.658+03:00 ERROR 32436 --- [http-nio-8080-exec-3] o.a.c.c.C.[.[.[/].[dispatcherServlet]    : Servlet.service() for servlet [dispatcherServlet] in context with path [] threw exception [Could not resolve view with name 'Request method 'PUT' is not supported' in servlet with name 'dispatcherServlet'] with root cause

jakarta.servlet.ServletException: Could not resolve view with name 'Request method 'PUT' is not supported' in servlet with name 'dispatcherServlet'
	at org.springframework.web.servlet.DispatcherServlet.render(DispatcherServlet.java:1394) ~[spring-webmvc-6.0.11.jar:6.0.11]
	at org.springframework.web.servlet.DispatcherServlet.processDispatchResult(DispatcherServlet.java:1159) ~[spring-webmvc-6.0.11.jar:6.0.11]
	at org.springframework.web.servlet.DispatcherServlet.doDispatch(DispatcherServlet.java:1098) ~[spring-webmvc-6.0.11.jar:6.0.11]
	at org.springframework.web.servlet.DispatcherServlet.doService(DispatcherServlet.java:974) ~[spring-webmvc-6.0.11.jar:6.0.11]
	at org.springframework.web.servlet.FrameworkServlet.processRequest(FrameworkServlet.java:1011) ~[spring-webmvc-6.0.11.jar:6.0.11]
	at org.springframework.web.servlet.FrameworkServlet.doPut(FrameworkServlet.java:925) ~[spring-webmvc-6.0.11.jar:6.0.11]
	at jakarta.servlet.http.HttpServlet.service(HttpServlet.java:593) ~[tomcat-embed-core-10.1.12.jar:6.0]
	at org.springframework.web.servlet.FrameworkServlet.service(FrameworkServlet.java:885) ~[spring-webmvc-6.0.11.jar:6.0.11]
	at jakarta.servlet.http.HttpServlet.service(HttpServlet.java:658) ~[tomcat-embed-core-10.1.12.jar:6.0]
	at org.apache.catalina.core.ApplicationFilterChain.internalDoFilter(ApplicationFilterChain.java:205) ~[tomcat-embed-core-10.1.12.jar:10.1.12]
	at org.apache.catalina.core.ApplicationFilterChain.doFilter(ApplicationFilterChain.java:149) ~[tomcat-embed-core-10.1.12.jar:10.1.12]
	at org.apache.tomcat.websocket.server.WsFilter.doFilter(WsFilter.java:51) ~[tomcat-embed-websocket-10.1.12.jar:10.1.12]
	at org.apache.catalina.core.ApplicationFilterChain.internalDoFilter(ApplicationFilterChain.java:174) ~[tomcat-embed-core-10.1.12.jar:10.1.12]
	at org.apache.catalina.core.ApplicationFilterChain.doFilter(ApplicationFilterChain.java:149) ~[tomcat-embed-core-10.1.12.jar:10.1.12]
	at org.springframework.web.filter.ServerHttpObservationFilter.doFilterInternal(ServerHttpObservationFilter.java:109) ~[spring-web-6.0.11.jar:6.0.11]
	at org.springframework.web.filter.OncePerRequestFilter.doFilter(OncePerRequestFilter.java:116) ~[spring-web-6.0.11.jar:6.0.11]
	at org.apache.catalina.core.ApplicationFilterChain.internalDoFilter(ApplicationFilterChain.java:174) ~[tomcat-embed-core-10.1.12.jar:10.1.12]
	at org.apache.catalina.core.ApplicationFilterChain.doFilter(ApplicationFilterChain.java:149) ~[tomcat-embed-core-10.1.12.jar:10.1.12]
	at org.springframework.web.filter.CharacterEncodingFilter.doFilterInternal(CharacterEncodingFilter.java:201) ~[spring-web-6.0.11.jar:6.0.11]
	at org.springframework.web.filter.OncePerRequestFilter.doFilter(OncePerRequestFilter.java:116) ~[spring-web-6.0.11.jar:6.0.11]
	at org.apache.catalina.core.ApplicationFilterChain.internalDoFilter(ApplicationFilterChain.java:174) ~[tomcat-embed-core-10.1.12.jar:10.1.12]
	at org.apache.catalina.core.ApplicationFilterChain.doFilter(ApplicationFilterChain.java:149) ~[tomcat-embed-core-10.1.12.jar:10.1.12]
	at org.apache.catalina.core.StandardWrapperValve.invoke(StandardWrapperValve.java:166) ~[tomcat-embed-core-10.1.12.jar:10.1.12]
	at org.apache.catalina.core.StandardContextValve.invoke(StandardContextValve.java:90) ~[tomcat-embed-core-10.1.12.jar:10.1.12]
	at org.apache.catalina.authenticator.AuthenticatorBase.invoke(AuthenticatorBase.java:482) ~[tomcat-embed-core-10.1.12.jar:10.1.12]
	at org.apache.catalina.core.StandardHostValve.invoke(StandardHostValve.java:115) ~[tomcat-embed-core-10.1.12.jar:10.1.12]
	at org.apache.catalina.valves.ErrorReportValve.invoke(ErrorReportValve.java:93) ~[tomcat-embed-core-10.1.12.jar:10.1.12]
	at org.apache.catalina.core.StandardEngineValve.invoke(StandardEngineValve.java:74) ~[tomcat-embed-core-10.1.12.jar:10.1.12]
	at org.apache.catalina.connector.CoyoteAdapter.service(CoyoteAdapter.java:341) ~[tomcat-embed-core-10.1.12.jar:10.1.12]
	at org.apache.coyote.http11.Http11Processor.service(Http11Processor.java:391) ~[tomcat-embed-core-10.1.12.jar:10.1.12]
	at org.apache.coyote.AbstractProcessorLight.process(AbstractProcessorLight.java:63) ~[tomcat-embed-core-10.1.12.jar:10.1.12]
	at org.apache.coyote.AbstractProtocol$ConnectionHandler.process(AbstractProtocol.java:894) ~[tomcat-embed-core-10.1.12.jar:10.1.12]
	at org.apache.tomcat.util.net.NioEndpoint$SocketProcessor.doRun(NioEndpoint.java:1740) ~[tomcat-embed-core-10.1.12.jar:10.1.12]
	at org.apache.tomcat.util.net.SocketProcessorBase.run(SocketProcessorBase.java:52) ~[tomcat-embed-core-10.1.12.jar:10.1.12]
	at org.apache.tomcat.util.threads.ThreadPoolExecutor.runWorker(ThreadPoolExecutor.java:1191) ~[tomcat-embed-core-10.1.12.jar:10.1.12]
	at org.apache.tomcat.util.threads.ThreadPoolExecutor$Worker.run(ThreadPoolExecutor.java:659) ~[tomcat-embed-core-10.1.12.jar:10.1.12]
	at org.apache.tomcat.util.threads.TaskThread$WrappingRunnable.run(TaskThread.java:61) ~[tomcat-embed-core-10.1.12.jar:10.1.12]
	at java.base/java.lang.Thread.run(Thread.java:1583) ~[na:na]

2025-03-25T14:39:38.577+03:00  INFO 32701 --- [main] com.tms.Main                             : Starting Main using Java 21.0.5 with PID 32701 (/Users/katusarublevsk/Desktop/JAVA/market-c32_REST/target/classes started by katusarublevsk in /Users/katusarublevsk/Desktop/JAVA/market-c32_REST)
2025-03-25T14:39:38.578+03:00  INFO 32701 --- [main] com.tms.Main                             : No active profile set, falling back to 1 default profile: "default"
2025-03-25T14:39:39.650+03:00  INFO 32701 --- [main] o.s.b.w.embedded.tomcat.TomcatWebServer  : Tomcat initialized with port(s): 8080 (http)
2025-03-25T14:39:39.654+03:00  INFO 32701 --- [main] o.apache.catalina.core.StandardService   : Starting service [Tomcat]
2025-03-25T14:39:39.655+03:00  INFO 32701 --- [main] o.apache.catalina.core.StandardEngine    : Starting Servlet engine: [Apache Tomcat/10.1.12]
2025-03-25T14:39:39.691+03:00  INFO 32701 --- [main] o.a.c.c.C.[Tomcat].[localhost].[/]       : Initializing Spring embedded WebApplicationContext
2025-03-25T14:39:39.691+03:00  INFO 32701 --- [main] w.s.c.ServletWebServerApplicationContext : Root WebApplicationContext: initialization completed in 1091 ms
2025-03-25T14:39:43.461+03:00  INFO 32701 --- [main] o.s.b.a.e.web.EndpointLinksResolver      : Exposing 6 endpoint(s) beneath base path '/actuator'
2025-03-25T14:39:43.502+03:00  INFO 32701 --- [main] o.s.b.w.embedded.tomcat.TomcatWebServer  : Tomcat started on port(s): 8080 (http) with context path ''
2025-03-25T14:39:43.510+03:00  INFO 32701 --- [main] com.tms.Main                             : Started Main in 5.064 seconds (process running for 10.337)
2025-03-25T14:39:44.102+03:00  INFO 32701 --- [RMI TCP Connection(4)-172.20.10.13] o.a.c.c.C.[Tomcat].[localhost].[/]       : Initializing Spring DispatcherServlet 'dispatcherServlet'
2025-03-25T14:39:44.102+03:00  INFO 32701 --- [RMI TCP Connection(4)-172.20.10.13] o.s.web.servlet.DispatcherServlet        : Initializing Servlet 'dispatcherServlet'
2025-03-25T14:39:44.103+03:00  INFO 32701 --- [RMI TCP Connection(4)-172.20.10.13] o.s.web.servlet.DispatcherServlet        : Completed initialization in 1 ms
2025-03-25T14:39:52.617+03:00  WARN 32701 --- [http-nio-8080-exec-1] o.s.web.servlet.PageNotFound             : No mapping for POST /product%0A
2025-03-25T14:41:05.386+03:00  WARN 32701 --- [http-nio-8080-exec-5] o.s.web.servlet.PageNotFound             : No mapping for POST /product%0A
2025-03-25T14:48:35.920+03:00 ERROR 32701 --- [http-nio-8080-exec-5] o.a.c.c.C.[.[.[/].[dispatcherServlet]    : Servlet.service() for servlet [dispatcherServlet] in context with path [] threw exception [Could not resolve view with name 'Required request body is missing: public org.springframework.http.ResponseEntity<com.tms.model.Product> com.tms.controller.ProductController.updateProduct(java.lang.Integer,com.tms.model.Product)' in servlet with name 'dispatcherServlet'] with root cause

jakarta.servlet.ServletException: Could not resolve view with name 'Required request body is missing: public org.springframework.http.ResponseEntity<com.tms.model.Product> com.tms.controller.ProductController.updateProduct(java.lang.Integer,com.tms.model.Product)' in servlet with name 'dispatcherServlet'
	at org.springframework.web.servlet.DispatcherServlet.render(DispatcherServlet.java:1394) ~[spring-webmvc-6.0.11.jar:6.0.11]
	at org.springframework.web.servlet.DispatcherServlet.processDispatchResult(DispatcherServlet.java:1159) ~[spring-webmvc-6.0.11.jar:6.0.11]
	at org.springframework.web.servlet.DispatcherServlet.doDispatch(DispatcherServlet.java:1098) ~[spring-webmvc-6.0.11.jar:6.0.11]
	at org.springframework.web.servlet.DispatcherServlet.doService(DispatcherServlet.java:974) ~[spring-webmvc-6.0.11.jar:6.0.11]
	at org.springframework.web.servlet.FrameworkServlet.processRequest(FrameworkServlet.java:1011) ~[spring-webmvc-6.0.11.jar:6.0.11]
	at org.springframework.web.servlet.FrameworkServlet.doPut(FrameworkServlet.java:925) ~[spring-webmvc-6.0.11.jar:6.0.11]
	at jakarta.servlet.http.HttpServlet.service(HttpServlet.java:593) ~[tomcat-embed-core-10.1.12.jar:6.0]
	at org.springframework.web.servlet.FrameworkServlet.service(FrameworkServlet.java:885) ~[spring-webmvc-6.0.11.jar:6.0.11]
	at jakarta.servlet.http.HttpServlet.service(HttpServlet.java:658) ~[tomcat-embed-core-10.1.12.jar:6.0]
	at org.apache.catalina.core.ApplicationFilterChain.internalDoFilter(ApplicationFilterChain.java:205) ~[tomcat-embed-core-10.1.12.jar:10.1.12]
	at org.apache.catalina.core.ApplicationFilterChain.doFilter(ApplicationFilterChain.java:149) ~[tomcat-embed-core-10.1.12.jar:10.1.12]
	at org.apache.tomcat.websocket.server.WsFilter.doFilter(WsFilter.java:51) ~[tomcat-embed-websocket-10.1.12.jar:10.1.12]
	at org.apache.catalina.core.ApplicationFilterChain.internalDoFilter(ApplicationFilterChain.java:174) ~[tomcat-embed-core-10.1.12.jar:10.1.12]
	at org.apache.catalina.core.ApplicationFilterChain.doFilter(ApplicationFilterChain.java:149) ~[tomcat-embed-core-10.1.12.jar:10.1.12]
	at org.springframework.web.filter.ServerHttpObservationFilter.doFilterInternal(ServerHttpObservationFilter.java:109) ~[spring-web-6.0.11.jar:6.0.11]
	at org.springframework.web.filter.OncePerRequestFilter.doFilter(OncePerRequestFilter.java:116) ~[spring-web-6.0.11.jar:6.0.11]
	at org.apache.catalina.core.ApplicationFilterChain.internalDoFilter(ApplicationFilterChain.java:174) ~[tomcat-embed-core-10.1.12.jar:10.1.12]
	at org.apache.catalina.core.ApplicationFilterChain.doFilter(ApplicationFilterChain.java:149) ~[tomcat-embed-core-10.1.12.jar:10.1.12]
	at org.springframework.web.filter.CharacterEncodingFilter.doFilterInternal(CharacterEncodingFilter.java:201) ~[spring-web-6.0.11.jar:6.0.11]
	at org.springframework.web.filter.OncePerRequestFilter.doFilter(OncePerRequestFilter.java:116) ~[spring-web-6.0.11.jar:6.0.11]
	at org.apache.catalina.core.ApplicationFilterChain.internalDoFilter(ApplicationFilterChain.java:174) ~[tomcat-embed-core-10.1.12.jar:10.1.12]
	at org.apache.catalina.core.ApplicationFilterChain.doFilter(ApplicationFilterChain.java:149) ~[tomcat-embed-core-10.1.12.jar:10.1.12]
	at org.apache.catalina.core.StandardWrapperValve.invoke(StandardWrapperValve.java:166) ~[tomcat-embed-core-10.1.12.jar:10.1.12]
	at org.apache.catalina.core.StandardContextValve.invoke(StandardContextValve.java:90) ~[tomcat-embed-core-10.1.12.jar:10.1.12]
	at org.apache.catalina.authenticator.AuthenticatorBase.invoke(AuthenticatorBase.java:482) ~[tomcat-embed-core-10.1.12.jar:10.1.12]
	at org.apache.catalina.core.StandardHostValve.invoke(StandardHostValve.java:115) ~[tomcat-embed-core-10.1.12.jar:10.1.12]
	at org.apache.catalina.valves.ErrorReportValve.invoke(ErrorReportValve.java:93) ~[tomcat-embed-core-10.1.12.jar:10.1.12]
	at org.apache.catalina.core.StandardEngineValve.invoke(StandardEngineValve.java:74) ~[tomcat-embed-core-10.1.12.jar:10.1.12]
	at org.apache.catalina.connector.CoyoteAdapter.service(CoyoteAdapter.java:341) ~[tomcat-embed-core-10.1.12.jar:10.1.12]
	at org.apache.coyote.http11.Http11Processor.service(Http11Processor.java:391) ~[tomcat-embed-core-10.1.12.jar:10.1.12]
	at org.apache.coyote.AbstractProcessorLight.process(AbstractProcessorLight.java:63) ~[tomcat-embed-core-10.1.12.jar:10.1.12]
	at org.apache.coyote.AbstractProtocol$ConnectionHandler.process(AbstractProtocol.java:894) ~[tomcat-embed-core-10.1.12.jar:10.1.12]
	at org.apache.tomcat.util.net.NioEndpoint$SocketProcessor.doRun(NioEndpoint.java:1740) ~[tomcat-embed-core-10.1.12.jar:10.1.12]
	at org.apache.tomcat.util.net.SocketProcessorBase.run(SocketProcessorBase.java:52) ~[tomcat-embed-core-10.1.12.jar:10.1.12]
	at org.apache.tomcat.util.threads.ThreadPoolExecutor.runWorker(ThreadPoolExecutor.java:1191) ~[tomcat-embed-core-10.1.12.jar:10.1.12]
	at org.apache.tomcat.util.threads.ThreadPoolExecutor$Worker.run(ThreadPoolExecutor.java:659) ~[tomcat-embed-core-10.1.12.jar:10.1.12]
	at org.apache.tomcat.util.threads.TaskThread$WrappingRunnable.run(TaskThread.java:61) ~[tomcat-embed-core-10.1.12.jar:10.1.12]
	at java.base/java.lang.Thread.run(Thread.java:1583) ~[na:na]

2025-03-25T14:53:34.819+03:00  INFO 32945 --- [main] com.tms.Main                             : Starting Main using Java 21.0.5 with PID 32945 (/Users/katusarublevsk/Desktop/JAVA/market-c32_REST/target/classes started by katusarublevsk in /Users/katusarublevsk/Desktop/JAVA/market-c32_REST)
2025-03-25T14:53:34.820+03:00  INFO 32945 --- [main] com.tms.Main                             : No active profile set, falling back to 1 default profile: "default"
2025-03-25T14:53:35.874+03:00  INFO 32945 --- [main] o.s.b.w.embedded.tomcat.TomcatWebServer  : Tomcat initialized with port(s): 8080 (http)
2025-03-25T14:53:35.878+03:00  INFO 32945 --- [main] o.apache.catalina.core.StandardService   : Starting service [Tomcat]
2025-03-25T14:53:35.878+03:00  INFO 32945 --- [main] o.apache.catalina.core.StandardEngine    : Starting Servlet engine: [Apache Tomcat/10.1.12]
2025-03-25T14:53:35.915+03:00  INFO 32945 --- [main] o.a.c.c.C.[Tomcat].[localhost].[/]       : Initializing Spring embedded WebApplicationContext
2025-03-25T14:53:35.915+03:00  INFO 32945 --- [main] w.s.c.ServletWebServerApplicationContext : Root WebApplicationContext: initialization completed in 1072 ms
2025-03-25T14:53:39.658+03:00  INFO 32945 --- [main] o.s.b.a.e.web.EndpointLinksResolver      : Exposing 6 endpoint(s) beneath base path '/actuator'
2025-03-25T14:53:39.702+03:00  INFO 32945 --- [main] o.s.b.w.embedded.tomcat.TomcatWebServer  : Tomcat started on port(s): 8080 (http) with context path ''
2025-03-25T14:53:39.710+03:00  INFO 32945 --- [main] com.tms.Main                             : Started Main in 5.033 seconds (process running for 5.492)
2025-03-25T14:53:39.876+03:00  INFO 32945 --- [RMI TCP Connection(2)-172.17.114.9] o.a.c.c.C.[Tomcat].[localhost].[/]       : Initializing Spring DispatcherServlet 'dispatcherServlet'
2025-03-25T14:53:39.876+03:00  INFO 32945 --- [RMI TCP Connection(2)-172.17.114.9] o.s.web.servlet.DispatcherServlet        : Initializing Servlet 'dispatcherServlet'
2025-03-25T14:53:39.877+03:00  INFO 32945 --- [RMI TCP Connection(2)-172.17.114.9] o.s.web.servlet.DispatcherServlet        : Completed initialization in 1 ms
2025-03-25T14:58:04.106+03:00  INFO 33011 --- [main] com.tms.Main                             : Starting Main using Java 21.0.5 with PID 33011 (/Users/katusarublevsk/Desktop/JAVA/market-c32_REST/target/classes started by katusarublevsk in /Users/katusarublevsk/Desktop/JAVA/market-c32_REST)
2025-03-25T14:58:04.107+03:00  INFO 33011 --- [main] com.tms.Main                             : No active profile set, falling back to 1 default profile: "default"
2025-03-25T14:58:05.234+03:00  INFO 33011 --- [main] o.s.b.w.embedded.tomcat.TomcatWebServer  : Tomcat initialized with port(s): 8080 (http)
2025-03-25T14:58:05.239+03:00  INFO 33011 --- [main] o.apache.catalina.core.StandardService   : Starting service [Tomcat]
2025-03-25T14:58:05.239+03:00  INFO 33011 --- [main] o.apache.catalina.core.StandardEngine    : Starting Servlet engine: [Apache Tomcat/10.1.12]
2025-03-25T14:58:05.276+03:00  INFO 33011 --- [main] o.a.c.c.C.[Tomcat].[localhost].[/]       : Initializing Spring embedded WebApplicationContext
2025-03-25T14:58:05.277+03:00  INFO 33011 --- [main] w.s.c.ServletWebServerApplicationContext : Root WebApplicationContext: initialization completed in 1145 ms
2025-03-25T14:58:09.102+03:00  INFO 33011 --- [main] o.s.b.a.e.web.EndpointLinksResolver      : Exposing 6 endpoint(s) beneath base path '/actuator'
2025-03-25T14:58:09.144+03:00  INFO 33011 --- [main] o.s.b.w.embedded.tomcat.TomcatWebServer  : Tomcat started on port(s): 8080 (http) with context path ''
2025-03-25T14:58:09.152+03:00  INFO 33011 --- [main] com.tms.Main                             : Started Main in 5.2 seconds (process running for 5.537)
2025-03-25T14:58:09.251+03:00  INFO 33011 --- [RMI TCP Connection(1)-172.17.114.9] o.a.c.c.C.[Tomcat].[localhost].[/]       : Initializing Spring DispatcherServlet 'dispatcherServlet'
2025-03-25T14:58:09.251+03:00  INFO 33011 --- [RMI TCP Connection(1)-172.17.114.9] o.s.web.servlet.DispatcherServlet        : Initializing Servlet 'dispatcherServlet'
2025-03-25T14:58:09.252+03:00  INFO 33011 --- [RMI TCP Connection(1)-172.17.114.9] o.s.web.servlet.DispatcherServlet        : Completed initialization in 1 ms
